<?xml version="1.0" encoding="UTF-8"?>
<!-- Generated by org.testng.reporters.JUnitXMLReporter -->
<testsuite hostname="tolga-guducu" ignored="0" name="Surefire test" tests="1" failures="1" timestamp="2022-05-05T19:54:31 EET" time="3.899" errors="0">
  <testcase name="runScenario" time="0.249" classname="io.cucumber.testng.AbstractTestNGCucumberTests">
    <failure type="java.lang.IllegalArgumentException" message="Can not set io.appium.java_client.MobileElement field Pages.SplashPage.turkeyButton to org.openqa.selenium.remote.RemoteWebElement$$EnhancerByCGLIB$$d27c0df4">
      <![CDATA[java.lang.IllegalArgumentException: Can not set io.appium.java_client.MobileElement field Pages.SplashPage.turkeyButton to org.openqa.selenium.remote.RemoteWebElement$$EnhancerByCGLIB$$d27c0df4
at org.openqa.selenium.support.PageFactory.proxyFields(PageFactory.java:117)
at org.openqa.selenium.support.PageFactory.initElements(PageFactory.java:105)
at Pages.PageBase.<init>(PageBase.java:21)
at Pages.SplashPage.<init>(SplashPage.java:9)
at steps.LoginStepDefs.splashEkranindanTurkiyeSecilir(LoginStepDefs.java:31)
at ✽.Splash Ekranindan Turkiye secilir(file:///C:/Users/hp/IdeaProjects/TolgaDeneme3Mayis/src/test/resources/features/AndroidLogin.feature:5)
... Removed 4 stack frames]]>
    </failure>
  </testcase> <!-- runScenario -->
</testsuite> <!-- Surefire test -->
